<?xml version="1.0" encoding="UTF-8"?>
<!-- Generated by org.testng.reporters.JUnitReportReporter -->
<testsuite hostname="Shafkats-MBP.fios-router.home" failures="0" tests="1" name="TestCases.OpenBrowser" time="10.464" errors="0" timestamp="2021-12-02T19:22:22 EST" skipped="0">
  <testcase classname="TestCases.OpenBrowser" name="testUno" time="10.464"/>
  <system-out/>
</testsuite> <!-- TestCases.OpenBrowser -->
