<?xml version="1.0" encoding="UTF-8"?>
<!-- Generated by org.testng.reporters.JUnitReportReporter -->
<testsuite hostname="Shafkats-MBP.fios-router.home" failures="0" tests="1" name="TestCases.amazonSearchUsingPOM" time="2.514" errors="0" timestamp="2021-12-02T20:51:52 EST" skipped="0">
  <testcase classname="TestCases.amazonSearchUsingPOM" name="task1" time="2.514"/>
  <system-out/>
</testsuite> <!-- TestCases.amazonSearchUsingPOM -->
